<?xml version="1.0" encoding="UTF-8"?>
<!-- Generated by org.testng.reporters.JUnitReportReporter -->
<testsuite hostname="DESKTOP-20FUL3E" failures="0" tests="1" name="com.inetbanking.tetscases.TC_AddCustomer_003" time="28.663" errors="0" timestamp="2024-01-16T17:49:28 IST" skipped="0">
  <testcase classname="com.inetbanking.tetscases.TC_AddCustomer_003" name="addNewCustomer" time="28.663"/>
</testsuite> <!-- com.inetbanking.tetscases.TC_AddCustomer_003 -->
