<?xml version="1.0" encoding="UTF-8"?>
<!-- Generated by org.testng.reporters.JUnitReportReporter -->
<testsuite hostname="DESKTOP-20FUL3E" failures="0" tests="1" name="com.inetbanking.tetscases.TC_LoginTest_001" time="2.070" errors="0" timestamp="2024-01-20T10:42:12 IST" skipped="0">
  <testcase classname="com.inetbanking.tetscases.TC_LoginTest_001" name="loginTest" time="2.070"/>
  <system-out/>
</testsuite> <!-- com.inetbanking.tetscases.TC_LoginTest_001 -->
